<?xml version="1.0" encoding="UTF-8"?>
<coverage generated="1781808789469" clover="3.2.0">
  <project timestamp="1781808789470" name="All files">
    <metrics statements="83" coveredstatements="75" conditionals="35" coveredconditionals="30" methods="23" coveredmethods="17" elements="141" coveredelements="122" complexity="0" loc="83" ncloc="83" packages="3" files="7" classes="7"/>
    <package name="aggregates">
      <metrics statements="54" coveredstatements="49" conditionals="21" coveredconditionals="18" methods="12" coveredmethods="9"/>
      <file name="Board.ts" path="/workspaces/BackEnd-ArrowMaze/src/domain/aggregates/Board.ts">
        <metrics statements="54" coveredstatements="49" conditionals="21" coveredconditionals="18" methods="12" coveredmethods="9"/>
        <line num="2" count="1" type="stmt"/>
        <line num="3" count="1" type="stmt"/>
        <line num="4" count="1" type="stmt"/>
        <line num="20" count="1" type="stmt"/>
        <line num="21" count="5" type="stmt"/>
        <line num="23" count="5" type="stmt"/>
        <line num="33" count="5" type="stmt"/>
        <line num="35" count="5" type="cond" truecount="2" falsecount="0"/>
        <line num="36" count="4" type="stmt"/>
        <line num="37" count="4" type="stmt"/>
        <line num="39" count="1" type="stmt"/>
        <line num="52" count="15" type="stmt"/>
        <line num="53" count="13" type="stmt"/>
        <line num="72" count="9" type="stmt"/>
        <line num="75" count="7" type="cond" truecount="2" falsecount="0"/>
        <line num="76" count="1" type="stmt"/>
        <line num="81" count="6" type="stmt"/>
        <line num="84" count="6" type="cond" truecount="2" falsecount="0"/>
        <line num="85" count="1" type="stmt"/>
        <line num="89" count="5" type="stmt"/>
        <line num="90" count="5" type="stmt"/>
        <line num="99" count="0" type="stmt"/>
        <line num="108" count="0" type="stmt"/>
        <line num="121" count="5" type="stmt"/>
        <line num="122" count="5" type="stmt"/>
        <line num="140" count="6" type="stmt"/>
        <line num="141" count="6" type="stmt"/>
        <line num="143" count="6" type="stmt"/>
        <line num="145" count="9" type="stmt"/>
        <line num="152" count="9" type="cond" truecount="2" falsecount="0"/>
        <line num="153" count="5" type="stmt"/>
        <line num="157" count="4" type="stmt"/>
        <line num="158" count="4" type="cond" truecount="2" falsecount="0"/>
        <line num="159" count="1" type="stmt"/>
        <line num="163" count="3" type="stmt"/>
        <line num="164" count="3" type="stmt"/>
        <line num="181" count="9" type="cond" truecount="4" falsecount="1"/>
        <line num="183" count="4" type="stmt"/>
        <line num="185" count="2" type="stmt"/>
        <line num="187" count="2" type="stmt"/>
        <line num="189" count="1" type="stmt"/>
        <line num="191" count="0" type="stmt"/>
        <line num="199" count="1" type="stmt"/>
        <line num="200" count="1" type="stmt"/>
        <line num="201" count="3" type="stmt"/>
        <line num="202" count="3" type="stmt"/>
        <line num="203" count="9" type="stmt"/>
        <line num="215" count="4" type="cond" truecount="1" falsecount="1"/>
        <line num="216" count="0" type="stmt"/>
        <line num="221" count="4" type="stmt"/>
        <line num="222" count="12" type="cond" truecount="1" falsecount="1"/>
        <line num="223" count="0" type="stmt"/>
        <line num="238" count="20" type="cond" truecount="2" falsecount="0"/>
        <line num="239" count="2" type="stmt"/>
      </file>
    </package>
    <package name="entities">
      <metrics statements="12" coveredstatements="10" conditionals="0" coveredconditionals="0" methods="4" coveredmethods="2"/>
      <file name="ArrowCell.ts" path="/workspaces/BackEnd-ArrowMaze/src/domain/entities/ArrowCell.ts">
        <metrics statements="6" coveredstatements="5" conditionals="0" coveredconditionals="0" methods="2" coveredmethods="1"/>
        <line num="1" count="1" type="stmt"/>
        <line num="5" count="1" type="stmt"/>
        <line num="6" count="7" type="stmt"/>
        <line num="14" count="7" type="stmt"/>
        <line num="15" count="7" type="stmt"/>
        <line num="22" count="0" type="stmt"/>
      </file>
      <file name="Cell.ts" path="/workspaces/BackEnd-ArrowMaze/src/domain/entities/Cell.ts">
        <metrics statements="1" coveredstatements="1" conditionals="0" coveredconditionals="0" methods="0" coveredmethods="0"/>
        <line num="3" count="1" type="stmt"/>
      </file>
      <file name="EmptyCell.ts" path="/workspaces/BackEnd-ArrowMaze/src/domain/entities/EmptyCell.ts">
        <metrics statements="5" coveredstatements="4" conditionals="0" coveredconditionals="0" methods="2" coveredmethods="1"/>
        <line num="1" count="1" type="stmt"/>
        <line num="4" count="1" type="stmt"/>
        <line num="5" count="43" type="stmt"/>
        <line num="11" count="43" type="stmt"/>
        <line num="18" count="0" type="stmt"/>
      </file>
    </package>
    <package name="value-objects">
      <metrics statements="17" coveredstatements="16" conditionals="14" coveredconditionals="12" methods="7" coveredmethods="6"/>
      <file name="BoardDimensions.ts" path="/workspaces/BackEnd-ArrowMaze/src/domain/value-objects/BoardDimensions.ts">
        <metrics statements="8" coveredstatements="7" conditionals="10" coveredconditionals="8" methods="4" coveredmethods="3"/>
        <line num="4" count="2" type="stmt"/>
        <line num="15" count="7" type="cond" truecount="4" falsecount="0"/>
        <line num="16" count="1" type="stmt"/>
        <line num="18" count="6" type="stmt"/>
        <line num="19" count="6" type="stmt"/>
        <line num="28" count="0" type="cond" truecount="0" falsecount="2"/>
        <line num="36" count="1" type="stmt"/>
        <line num="46" count="29" type="cond" truecount="4" falsecount="0"/>
      </file>
      <file name="Direction.ts" path="/workspaces/BackEnd-ArrowMaze/src/domain/value-objects/Direction.ts">
        <metrics statements="5" coveredstatements="5" conditionals="2" coveredconditionals="2" methods="1" coveredmethods="1"/>
        <line num="3" count="1" type="cond" truecount="2" falsecount="0"/>
        <line num="5" count="1" type="stmt"/>
        <line num="7" count="1" type="stmt"/>
        <line num="9" count="1" type="stmt"/>
        <line num="11" count="1" type="stmt"/>
      </file>
      <file name="Position.ts" path="/workspaces/BackEnd-ArrowMaze/src/domain/value-objects/Position.ts">
        <metrics statements="4" coveredstatements="4" conditionals="2" coveredconditionals="2" methods="2" coveredmethods="2"/>
        <line num="3" count="1" type="stmt"/>
        <line num="13" count="4" type="stmt"/>
        <line num="14" count="4" type="stmt"/>
        <line num="23" count="2" type="cond" truecount="2" falsecount="0"/>
      </file>
    </package>
  </project>
</coverage>
