{"/workspaces/BackEnd-ArrowMaze/src/domain/aggregates/Board.ts": {"path":"/workspaces/BackEnd-ArrowMaze/src/domain/aggregates/Board.ts","statementMap":{"0":{"start":{"line":2,"column":0},"end":{"line":2,"column":50}},"1":{"start":{"line":3,"column":0},"end":{"line":3,"column":50}},"2":{"start":{"line":4,"column":0},"end":{"line":4,"column":55}},"3":{"start":{"line":21,"column":25},"end":{"line":21,"column":32}},"4":{"start":{"line":23,"column":25},"end":{"line":23,"column":27}},"5":{"start":{"line":33,"column":4},"end":{"line":33,"column":33}},"6":{"start":{"line":35,"column":4},"end":{"line":40,"column":5}},"7":{"start":{"line":36,"column":6},"end":{"line":36,"column":37}},"8":{"start":{"line":37,"column":6},"end":{"line":37,"column":30}},"9":{"start":{"line":39,"column":6},"end":{"line":39,"column":33}},"10":{"start":{"line":52,"column":4},"end":{"line":52,"column":36}},"11":{"start":{"line":53,"column":4},"end":{"line":53,"column":31}},"12":{"start":{"line":72,"column":17},"end":{"line":72,"column":41}},"13":{"start":{"line":75,"column":4},"end":{"line":79,"column":5}},"14":{"start":{"line":76,"column":6},"end":{"line":78,"column":8}},"15":{"start":{"line":81,"column":18},"end":{"line":81,"column":35}},"16":{"start":{"line":84,"column":4},"end":{"line":86,"column":5}},"17":{"start":{"line":85,"column":6},"end":{"line":85,"column":19}},"18":{"start":{"line":89,"column":4},"end":{"line":89,"column":46}},"19":{"start":{"line":90,"column":4},"end":{"line":90,"column":16}},"20":{"start":{"line":99,"column":4},"end":{"line":99,"column":27}},"21":{"start":{"line":108,"column":4},"end":{"line":108,"column":44}},"22":{"start":{"line":108,"column":34},"end":{"line":108,"column":42}},"23":{"start":{"line":121,"column":4},"end":{"line":121,"column":36}},"24":{"start":{"line":122,"column":4},"end":{"line":122,"column":31}},"25":{"start":{"line":140,"column":21},"end":{"line":140,"column":24}},"26":{"start":{"line":141,"column":21},"end":{"line":141,"column":24}},"27":{"start":{"line":143,"column":4},"end":{"line":165,"column":5}},"28":{"start":{"line":145,"column":35},"end":{"line":148,"column":null}},"29":{"start":{"line":152,"column":6},"end":{"line":154,"column":7}},"30":{"start":{"line":153,"column":8},"end":{"line":153,"column":20}},"31":{"start":{"line":157,"column":25},"end":{"line":157,"column":52}},"32":{"start":{"line":158,"column":6},"end":{"line":160,"column":7}},"33":{"start":{"line":159,"column":8},"end":{"line":159,"column":21}},"34":{"start":{"line":163,"column":6},"end":{"line":163,"column":27}},"35":{"start":{"line":164,"column":6},"end":{"line":164,"column":27}},"36":{"start":{"line":181,"column":4},"end":{"line":192,"column":5}},"37":{"start":{"line":183,"column":8},"end":{"line":183,"column":50}},"38":{"start":{"line":185,"column":8},"end":{"line":185,"column":50}},"39":{"start":{"line":187,"column":8},"end":{"line":187,"column":50}},"40":{"start":{"line":189,"column":8},"end":{"line":189,"column":50}},"41":{"start":{"line":191,"column":8},"end":{"line":191,"column":59}},"42":{"start":{"line":199,"column":4},"end":{"line":199,"column":19}},"43":{"start":{"line":200,"column":4},"end":{"line":205,"column":5}},"44":{"start":{"line":200,"column":17},"end":{"line":200,"column":18}},"45":{"start":{"line":201,"column":6},"end":{"line":201,"column":24}},"46":{"start":{"line":202,"column":6},"end":{"line":204,"column":7}},"47":{"start":{"line":202,"column":19},"end":{"line":202,"column":20}},"48":{"start":{"line":203,"column":8},"end":{"line":203,"column":42}},"49":{"start":{"line":215,"column":4},"end":{"line":219,"column":5}},"50":{"start":{"line":216,"column":6},"end":{"line":218,"column":8}},"51":{"start":{"line":221,"column":4},"end":{"line":227,"column":5}},"52":{"start":{"line":221,"column":17},"end":{"line":221,"column":18}},"53":{"start":{"line":222,"column":6},"end":{"line":226,"column":7}},"54":{"start":{"line":223,"column":8},"end":{"line":225,"column":10}},"55":{"start":{"line":238,"column":4},"end":{"line":242,"column":5}},"56":{"start":{"line":239,"column":6},"end":{"line":241,"column":8}},"57":{"start":{"line":20,"column":0},"end":{"line":20,"column":13}}},"fnMap":{"0":{"name":"(anonymous_0)","decl":{"start":{"line":32,"column":2},"end":{"line":32,"column":14}},"loc":{"start":{"line":32,"column":65},"end":{"line":41,"column":3}}},"1":{"name":"(anonymous_1)","decl":{"start":{"line":51,"column":9},"end":{"line":51,"column":18}},"loc":{"start":{"line":51,"column":43},"end":{"line":54,"column":3}}},"2":{"name":"(anonymous_2)","decl":{"start":{"line":71,"column":9},"end":{"line":71,"column":25}},"loc":{"start":{"line":71,"column":50},"end":{"line":91,"column":3}}},"3":{"name":"(anonymous_3)","decl":{"start":{"line":98,"column":9},"end":{"line":98,"column":22}},"loc":{"start":{"line":98,"column":22},"end":{"line":100,"column":3}}},"4":{"name":"(anonymous_4)","decl":{"start":{"line":107,"column":9},"end":{"line":107,"column":16}},"loc":{"start":{"line":107,"column":16},"end":{"line":109,"column":3}}},"5":{"name":"(anonymous_5)","decl":{"start":{"line":108,"column":25},"end":{"line":108,"column":26}},"loc":{"start":{"line":108,"column":34},"end":{"line":108,"column":42}}},"6":{"name":"(anonymous_6)","decl":{"start":{"line":120,"column":10},"end":{"line":120,"column":19}},"loc":{"start":{"line":120,"column":56},"end":{"line":123,"column":3}}},"7":{"name":"(anonymous_7)","decl":{"start":{"line":139,"column":10},"end":{"line":139,"column":21}},"loc":{"start":{"line":139,"column":68},"end":{"line":166,"column":3}}},"8":{"name":"(anonymous_8)","decl":{"start":{"line":176,"column":10},"end":{"line":176,"column":25}},"loc":{"start":{"line":179,"column":24},"end":{"line":193,"column":3}}},"9":{"name":"(anonymous_9)","decl":{"start":{"line":198,"column":10},"end":{"line":198,"column":29}},"loc":{"start":{"line":198,"column":29},"end":{"line":206,"column":3}}},"10":{"name":"(anonymous_10)","decl":{"start":{"line":214,"column":10},"end":{"line":214,"column":22}},"loc":{"start":{"line":214,"column":37},"end":{"line":228,"column":3}}},"11":{"name":"(anonymous_11)","decl":{"start":{"line":237,"column":10},"end":{"line":237,"column":26}},"loc":{"start":{"line":237,"column":51},"end":{"line":243,"column":3}}}},"branchMap":{"0":{"loc":{"start":{"line":35,"column":4},"end":{"line":40,"column":5}},"type":"if","locations":[{"start":{"line":35,"column":4},"end":{"line":40,"column":5}},{"start":{"line":38,"column":11},"end":{"line":40,"column":5}}]},"1":{"loc":{"start":{"line":75,"column":4},"end":{"line":79,"column":5}},"type":"if","locations":[{"start":{"line":75,"column":4},"end":{"line":79,"column":5}},{"start":{},"end":{}}]},"2":{"loc":{"start":{"line":84,"column":4},"end":{"line":86,"column":5}},"type":"if","locations":[{"start":{"line":84,"column":4},"end":{"line":86,"column":5}},{"start":{},"end":{}}]},"3":{"loc":{"start":{"line":152,"column":6},"end":{"line":154,"column":7}},"type":"if","locations":[{"start":{"line":152,"column":6},"end":{"line":154,"column":7}},{"start":{},"end":{}}]},"4":{"loc":{"start":{"line":158,"column":6},"end":{"line":160,"column":7}},"type":"if","locations":[{"start":{"line":158,"column":6},"end":{"line":160,"column":7}},{"start":{},"end":{}}]},"5":{"loc":{"start":{"line":181,"column":4},"end":{"line":192,"column":5}},"type":"switch","locations":[{"start":{"line":182,"column":6},"end":{"line":183,"column":50}},{"start":{"line":184,"column":6},"end":{"line":185,"column":50}},{"start":{"line":186,"column":6},"end":{"line":187,"column":50}},{"start":{"line":188,"column":6},"end":{"line":189,"column":50}},{"start":{"line":190,"column":6},"end":{"line":191,"column":59}}]},"6":{"loc":{"start":{"line":215,"column":4},"end":{"line":219,"column":5}},"type":"if","locations":[{"start":{"line":215,"column":4},"end":{"line":219,"column":5}},{"start":{},"end":{}}]},"7":{"loc":{"start":{"line":222,"column":6},"end":{"line":226,"column":7}},"type":"if","locations":[{"start":{"line":222,"column":6},"end":{"line":226,"column":7}},{"start":{},"end":{}}]},"8":{"loc":{"start":{"line":238,"column":4},"end":{"line":242,"column":5}},"type":"if","locations":[{"start":{"line":238,"column":4},"end":{"line":242,"column":5}},{"start":{},"end":{}}]}},"s":{"0":1,"1":1,"2":1,"3":5,"4":5,"5":5,"6":5,"7":4,"8":4,"9":1,"10":15,"11":13,"12":9,"13":7,"14":1,"15":6,"16":6,"17":1,"18":5,"19":5,"20":0,"21":0,"22":0,"23":5,"24":5,"25":6,"26":6,"27":6,"28":9,"29":9,"30":5,"31":4,"32":4,"33":1,"34":3,"35":3,"36":9,"37":4,"38":2,"39":2,"40":1,"41":0,"42":1,"43":1,"44":1,"45":3,"46":3,"47":3,"48":9,"49":4,"50":0,"51":4,"52":4,"53":12,"54":0,"55":20,"56":2,"57":1},"f":{"0":5,"1":15,"2":9,"3":0,"4":0,"5":0,"6":5,"7":6,"8":9,"9":1,"10":4,"11":20},"b":{"0":[4,1],"1":[1,6],"2":[1,5],"3":[5,4],"4":[1,3],"5":[4,2,2,1,0],"6":[0,4],"7":[0,12],"8":[2,18]}}
,"/workspaces/BackEnd-ArrowMaze/src/domain/entities/ArrowCell.ts": {"path":"/workspaces/BackEnd-ArrowMaze/src/domain/entities/ArrowCell.ts","statementMap":{"0":{"start":{"line":1,"column":0},"end":{"line":1,"column":30}},"1":{"start":{"line":6,"column":25},"end":{"line":6,"column":36}},"2":{"start":{"line":14,"column":4},"end":{"line":14,"column":12}},"3":{"start":{"line":15,"column":4},"end":{"line":15,"column":31}},"4":{"start":{"line":22,"column":4},"end":{"line":22,"column":50}},"5":{"start":{"line":5,"column":0},"end":{"line":5,"column":13}}},"fnMap":{"0":{"name":"(anonymous_0)","decl":{"start":{"line":13,"column":2},"end":{"line":13,"column":14}},"loc":{"start":{"line":13,"column":34},"end":{"line":16,"column":3}}},"1":{"name":"(anonymous_1)","decl":{"start":{"line":21,"column":9},"end":{"line":21,"column":23}},"loc":{"start":{"line":21,"column":23},"end":{"line":23,"column":3}}}},"branchMap":{},"s":{"0":1,"1":7,"2":7,"3":7,"4":0,"5":1},"f":{"0":7,"1":0},"b":{}}
,"/workspaces/BackEnd-ArrowMaze/src/domain/entities/Cell.ts": {"path":"/workspaces/BackEnd-ArrowMaze/src/domain/entities/Cell.ts","statementMap":{"0":{"start":{"line":3,"column":0},"end":{"line":3,"column":22}}},"fnMap":{},"branchMap":{},"s":{"0":1},"f":{},"b":{}}
,"/workspaces/BackEnd-ArrowMaze/src/domain/entities/EmptyCell.ts": {"path":"/workspaces/BackEnd-ArrowMaze/src/domain/entities/EmptyCell.ts","statementMap":{"0":{"start":{"line":1,"column":0},"end":{"line":1,"column":30}},"1":{"start":{"line":5,"column":25},"end":{"line":5,"column":36}},"2":{"start":{"line":11,"column":4},"end":{"line":11,"column":12}},"3":{"start":{"line":18,"column":4},"end":{"line":18,"column":23}},"4":{"start":{"line":4,"column":0},"end":{"line":4,"column":13}}},"fnMap":{"0":{"name":"(anonymous_0)","decl":{"start":{"line":10,"column":2},"end":{"line":10,"column":null}},"loc":{"start":{"line":10,"column":2},"end":{"line":12,"column":3}}},"1":{"name":"(anonymous_1)","decl":{"start":{"line":17,"column":9},"end":{"line":17,"column":23}},"loc":{"start":{"line":17,"column":23},"end":{"line":19,"column":3}}}},"branchMap":{},"s":{"0":1,"1":43,"2":43,"3":0,"4":1},"f":{"0":43,"1":0},"b":{}}
,"/workspaces/BackEnd-ArrowMaze/src/domain/value-objects/BoardDimensions.ts": {"path":"/workspaces/BackEnd-ArrowMaze/src/domain/value-objects/BoardDimensions.ts","statementMap":{"0":{"start":{"line":15,"column":4},"end":{"line":17,"column":5}},"1":{"start":{"line":16,"column":6},"end":{"line":16,"column":68}},"2":{"start":{"line":18,"column":4},"end":{"line":18,"column":21}},"3":{"start":{"line":19,"column":4},"end":{"line":19,"column":21}},"4":{"start":{"line":28,"column":4},"end":{"line":28,"column":64}},"5":{"start":{"line":36,"column":4},"end":{"line":36,"column":33}},"6":{"start":{"line":46,"column":4},"end":{"line":46,"column":70}},"7":{"start":{"line":4,"column":0},"end":{"line":4,"column":13}}},"fnMap":{"0":{"name":"(anonymous_0)","decl":{"start":{"line":14,"column":2},"end":{"line":14,"column":14}},"loc":{"start":{"line":14,"column":40},"end":{"line":20,"column":3}}},"1":{"name":"(anonymous_1)","decl":{"start":{"line":27,"column":9},"end":{"line":27,"column":15}},"loc":{"start":{"line":27,"column":38},"end":{"line":29,"column":3}}},"2":{"name":"(anonymous_2)","decl":{"start":{"line":35,"column":9},"end":{"line":35,"column":22}},"loc":{"start":{"line":35,"column":22},"end":{"line":37,"column":3}}},"3":{"name":"(anonymous_3)","decl":{"start":{"line":45,"column":9},"end":{"line":45,"column":24}},"loc":{"start":{"line":45,"column":49},"end":{"line":47,"column":3}}}},"branchMap":{"0":{"loc":{"start":{"line":15,"column":4},"end":{"line":17,"column":5}},"type":"if","locations":[{"start":{"line":15,"column":4},"end":{"line":17,"column":5}},{"start":{},"end":{}}]},"1":{"loc":{"start":{"line":15,"column":8},"end":{"line":15,"column":30}},"type":"binary-expr","locations":[{"start":{"line":15,"column":8},"end":{"line":15,"column":17}},{"start":{"line":15,"column":21},"end":{"line":15,"column":30}}]},"2":{"loc":{"start":{"line":28,"column":11},"end":{"line":28,"column":63}},"type":"binary-expr","locations":[{"start":{"line":28,"column":11},"end":{"line":28,"column":35}},{"start":{"line":28,"column":39},"end":{"line":28,"column":63}}]},"3":{"loc":{"start":{"line":46,"column":11},"end":{"line":46,"column":69}},"type":"binary-expr","locations":[{"start":{"line":46,"column":11},"end":{"line":46,"column":19}},{"start":{"line":46,"column":23},"end":{"line":46,"column":38}},{"start":{"line":46,"column":42},"end":{"line":46,"column":50}},{"start":{"line":46,"column":54},"end":{"line":46,"column":69}}]}},"s":{"0":7,"1":1,"2":6,"3":6,"4":0,"5":1,"6":29,"7":2},"f":{"0":7,"1":0,"2":1,"3":29},"b":{"0":[1,6],"1":[7,6],"2":[0,0],"3":[29,26,24,23]}}
,"/workspaces/BackEnd-ArrowMaze/src/domain/value-objects/Direction.ts": {"path":"/workspaces/BackEnd-ArrowMaze/src/domain/value-objects/Direction.ts","statementMap":{"0":{"start":{"line":3,"column":0},"end":{"line":3,"column":null}},"1":{"start":{"line":5,"column":2},"end":{"line":5,"column":null}},"2":{"start":{"line":7,"column":2},"end":{"line":7,"column":null}},"3":{"start":{"line":9,"column":2},"end":{"line":9,"column":null}},"4":{"start":{"line":11,"column":2},"end":{"line":11,"column":null}}},"fnMap":{"0":{"name":"(anonymous_0)","decl":{"start":{"line":3,"column":0},"end":{"line":3,"column":12}},"loc":{"start":{"line":3,"column":21},"end":{"line":12,"column":1}}}},"branchMap":{"0":{"loc":{"start":{"line":3,"column":12},"end":{"line":3,"column":null}},"type":"binary-expr","locations":[{"start":{"line":3,"column":12},"end":{"line":3,"column":21}},{"start":{"line":3,"column":21},"end":{"line":3,"column":null}}]}},"s":{"0":1,"1":1,"2":1,"3":1,"4":1},"f":{"0":1},"b":{"0":[1,1]}}
,"/workspaces/BackEnd-ArrowMaze/src/domain/value-objects/Position.ts": {"path":"/workspaces/BackEnd-ArrowMaze/src/domain/value-objects/Position.ts","statementMap":{"0":{"start":{"line":13,"column":4},"end":{"line":13,"column":19}},"1":{"start":{"line":14,"column":4},"end":{"line":14,"column":19}},"2":{"start":{"line":23,"column":4},"end":{"line":23,"column":60}},"3":{"start":{"line":3,"column":0},"end":{"line":3,"column":13}}},"fnMap":{"0":{"name":"(anonymous_0)","decl":{"start":{"line":12,"column":2},"end":{"line":12,"column":14}},"loc":{"start":{"line":12,"column":38},"end":{"line":15,"column":3}}},"1":{"name":"(anonymous_1)","decl":{"start":{"line":22,"column":9},"end":{"line":22,"column":15}},"loc":{"start":{"line":22,"column":31},"end":{"line":24,"column":3}}}},"branchMap":{"0":{"loc":{"start":{"line":23,"column":11},"end":{"line":23,"column":59}},"type":"binary-expr","locations":[{"start":{"line":23,"column":11},"end":{"line":23,"column":33}},{"start":{"line":23,"column":37},"end":{"line":23,"column":59}}]}},"s":{"0":4,"1":4,"2":2,"3":1},"f":{"0":4,"1":2},"b":{"0":[2,1]}}
}
