TN:
SF:src/domain/aggregates/Board.ts
FN:32,(anonymous_0)
FN:51,(anonymous_1)
FN:71,(anonymous_2)
FN:98,(anonymous_3)
FN:107,(anonymous_4)
FN:108,(anonymous_5)
FN:120,(anonymous_6)
FN:139,(anonymous_7)
FN:176,(anonymous_8)
FN:198,(anonymous_9)
FN:214,(anonymous_10)
FN:237,(anonymous_11)
FNF:12
FNH:9
FNDA:5,(anonymous_0)
FNDA:15,(anonymous_1)
FNDA:9,(anonymous_2)
FNDA:0,(anonymous_3)
FNDA:0,(anonymous_4)
FNDA:0,(anonymous_5)
FNDA:5,(anonymous_6)
FNDA:6,(anonymous_7)
FNDA:9,(anonymous_8)
FNDA:1,(anonymous_9)
FNDA:4,(anonymous_10)
FNDA:20,(anonymous_11)
DA:2,1
DA:3,1
DA:4,1
DA:20,1
DA:21,5
DA:23,5
DA:33,5
DA:35,5
DA:36,4
DA:37,4
DA:39,1
DA:52,15
DA:53,13
DA:72,9
DA:75,7
DA:76,1
DA:81,6
DA:84,6
DA:85,1
DA:89,5
DA:90,5
DA:99,0
DA:108,0
DA:121,5
DA:122,5
DA:140,6
DA:141,6
DA:143,6
DA:145,9
DA:152,9
DA:153,5
DA:157,4
DA:158,4
DA:159,1
DA:163,3
DA:164,3
DA:181,9
DA:183,4
DA:185,2
DA:187,2
DA:189,1
DA:191,0
DA:199,1
DA:200,1
DA:201,3
DA:202,3
DA:203,9
DA:215,4
DA:216,0
DA:221,4
DA:222,12
DA:223,0
DA:238,20
DA:239,2
LF:54
LH:49
BRDA:35,0,0,4
BRDA:35,0,1,1
BRDA:75,1,0,1
BRDA:75,1,1,6
BRDA:84,2,0,1
BRDA:84,2,1,5
BRDA:152,3,0,5
BRDA:152,3,1,4
BRDA:158,4,0,1
BRDA:158,4,1,3
BRDA:181,5,0,4
BRDA:181,5,1,2
BRDA:181,5,2,2
BRDA:181,5,3,1
BRDA:181,5,4,0
BRDA:215,6,0,0
BRDA:215,6,1,4
BRDA:222,7,0,0
BRDA:222,7,1,12
BRDA:238,8,0,2
BRDA:238,8,1,18
BRF:21
BRH:18
end_of_record
TN:
SF:src/domain/entities/ArrowCell.ts
FN:13,(anonymous_0)
FN:21,(anonymous_1)
FNF:2
FNH:1
FNDA:7,(anonymous_0)
FNDA:0,(anonymous_1)
DA:1,1
DA:5,1
DA:6,7
DA:14,7
DA:15,7
DA:22,0
LF:6
LH:5
BRF:0
BRH:0
end_of_record
TN:
SF:src/domain/entities/Cell.ts
FNF:0
FNH:0
DA:3,1
LF:1
LH:1
BRF:0
BRH:0
end_of_record
TN:
SF:src/domain/entities/EmptyCell.ts
FN:10,(anonymous_0)
FN:17,(anonymous_1)
FNF:2
FNH:1
FNDA:43,(anonymous_0)
FNDA:0,(anonymous_1)
DA:1,1
DA:4,1
DA:5,43
DA:11,43
DA:18,0
LF:5
LH:4
BRF:0
BRH:0
end_of_record
TN:
SF:src/domain/value-objects/BoardDimensions.ts
FN:14,(anonymous_0)
FN:27,(anonymous_1)
FN:35,(anonymous_2)
FN:45,(anonymous_3)
FNF:4
FNH:3
FNDA:7,(anonymous_0)
FNDA:0,(anonymous_1)
FNDA:1,(anonymous_2)
FNDA:29,(anonymous_3)
DA:4,2
DA:15,7
DA:16,1
DA:18,6
DA:19,6
DA:28,0
DA:36,1
DA:46,29
LF:8
LH:7
BRDA:15,0,0,1
BRDA:15,0,1,6
BRDA:15,1,0,7
BRDA:15,1,1,6
BRDA:28,2,0,0
BRDA:28,2,1,0
BRDA:46,3,0,29
BRDA:46,3,1,26
BRDA:46,3,2,24
BRDA:46,3,3,23
BRF:10
BRH:8
end_of_record
TN:
SF:src/domain/value-objects/Direction.ts
FN:3,(anonymous_0)
FNF:1
FNH:1
FNDA:1,(anonymous_0)
DA:3,1
DA:5,1
DA:7,1
DA:9,1
DA:11,1
LF:5
LH:5
BRDA:3,0,0,1
BRDA:3,0,1,1
BRF:2
BRH:2
end_of_record
TN:
SF:src/domain/value-objects/Position.ts
FN:12,(anonymous_0)
FN:22,(anonymous_1)
FNF:2
FNH:2
FNDA:4,(anonymous_0)
FNDA:2,(anonymous_1)
DA:3,1
DA:13,4
DA:14,4
DA:23,2
LF:4
LH:4
BRDA:23,0,0,2
BRDA:23,0,1,1
BRF:2
BRH:2
end_of_record
